Using pre-set license
Built from '2020.3/staging' branch; Version is '2020.3.3f1 (76626098c1c4) revision 7758432'; Using compiler version '192528614'; Build Type 'Release'
OS: 'Windows 10 Home; OS build 19042.1052; Version 2009; 64bit' Language: 'no' Physical Memory: 16268 MB
BatchMode: 1, IsHumanControllingUs: 0, StartBugReporterOnCrash: 0, Is64bit: 1, IsPro: 0

 COMMAND LINE ARGUMENTS:
D:\Unity Versions\2020.3.3f1\Editor\Unity.exe
-adb2
-batchMode
-noUpm
-name
AssetImportWorker0
-projectPath
C:/Users/frank/Downloads/unity-webview-master3/unity-webview-master/sample
-logFile
Logs/AssetImportWorker0.log
-srvPort
64601
Successfully changed project path to: C:/Users/frank/Downloads/unity-webview-master3/unity-webview-master/sample
C:/Users/frank/Downloads/unity-webview-master3/unity-webview-master/sample
Using Asset Import Pipeline V2.
Refreshing native plugins compatible for Editor in 49.18 ms, found 0 plugins.
Preloading 0 native plugins for Editor in 0.00 ms.
Initialize engine version: 2020.3.3f1 (76626098c1c4)
[Subsystems] Discovering subsystems at path D:/Unity Versions/2020.3.3f1/Editor/Data/Resources/UnitySubsystems
[Subsystems] Discovering subsystems at path C:/Users/frank/Downloads/unity-webview-master3/unity-webview-master/sample/Assets
GfxDevice: creating device client; threaded=0
Direct3D:
    Version:  Direct3D 11.0 [level 11.1]
    Renderer: NVIDIA GeForce GTX 1060 (ID=0x1c20)
    Vendor:   
    VRAM:     6052 MB
    Driver:   26.21.14.3086
Initialize mono
Mono path[0] = 'D:/Unity Versions/2020.3.3f1/Editor/Data/Managed'
Mono path[1] = 'D:/Unity Versions/2020.3.3f1/Editor/Data/MonoBleedingEdge/lib/mono/unityjit'
Mono config path = 'D:/Unity Versions/2020.3.3f1/Editor/Data/MonoBleedingEdge/etc'
Using monoOptions --debugger-agent=transport=dt_socket,embedding=1,server=y,suspend=n,address=127.0.0.1:56832
Begin MonoManager ReloadAssembly
Registering precompiled unity dll's ...
Register platform support module: D:/Unity Versions/2020.3.3f1/Editor/Data/PlaybackEngines/WebGLSupport/UnityEditor.WebGL.Extensions.dll
Register platform support module: D:/Unity Versions/2020.3.3f1/Editor/Data/PlaybackEngines/WindowsStandaloneSupport/UnityEditor.WindowsStandalone.Extensions.dll
Registered in 0.001799 seconds.
Native extension for WindowsStandalone target not found
Native extension for WebGL target not found
Refreshing native plugins compatible for Editor in 35.81 ms, found 0 plugins.
Preloading 0 native plugins for Editor in 0.00 ms.
Invoked RoslynAnalysisRunner static constructor.
RoslynAnalysisRunner will not be running.
RoslynAnalysisRunner has terminated.
Mono: successfully reloaded assembly
- Completed reload, in  2.857 seconds
Platform modules already initialized, skipping
Registering precompiled user dll's ...
Registered in 0.031728 seconds.
Begin MonoManager ReloadAssembly
Native extension for WindowsStandalone target not found
Native extension for WebGL target not found
Refreshing native plugins compatible for Editor in 0.35 ms, found 0 plugins.
Preloading 0 native plugins for Editor in 0.00 ms.
Invoked RoslynAnalysisRunner static constructor.
RoslynAnalysisRunner will not be running.
RoslynAnalysisRunner has terminated.
Mono: successfully reloaded assembly
- Completed reload, in  1.590 seconds
Platform modules already initialized, skipping
========================================================================
Worker process is ready to serve import requests
Launched and connected shader compiler UnityShaderCompiler.exe after 0.17 seconds
Refreshing native plugins compatible for Editor in 0.36 ms, found 0 plugins.
Preloading 0 native plugins for Editor in 0.00 ms.
Unloading 1125 Unused Serialized files (Serialized files now loaded: 0)
System memory in use before: 57.6 MB.
System memory in use after: 57.7 MB.

Unloading 14 unused Assets to reduce memory usage. Loaded Objects now: 1564.
Total: 2.040200 ms (FindLiveObjects: 0.165000 ms CreateObjectMapping: 0.050700 ms MarkObjects: 1.748400 ms  DeleteObjects: 0.075300 ms)

========================================================================
Received Import Request.
  path: Assets/StreamingAssets/sample.jpg
  artifactKey: Guid(83336034623b9413ba8944ff0bf0b101) Importer(815301076,1909f56bfc062723c751e8b465ee728b)
Start importing Assets/StreamingAssets/sample.jpg using Guid(83336034623b9413ba8944ff0bf0b101) Importer(815301076,1909f56bfc062723c751e8b465ee728b)  -> (artifact id: '14c819781676c8b4a166db9ec2894265') in 0.092382 seconds
  Import took 0.095490 seconds .

========================================================================
Received Import Request.
  Time since last request: 0.000363 seconds.
  path: Assets/StreamingAssets/sample.js
  artifactKey: Guid(a9cc631d3c6bd45b7842960e19ae2de7) Importer(815301076,1909f56bfc062723c751e8b465ee728b)
Start importing Assets/StreamingAssets/sample.js using Guid(a9cc631d3c6bd45b7842960e19ae2de7) Importer(815301076,1909f56bfc062723c751e8b465ee728b)  -> (artifact id: '4a08040b5126ac5de95eeef7285ca274') in 0.008769 seconds
  Import took 0.011599 seconds .

========================================================================
Received Import Request.
  Time since last request: 780.144760 seconds.
  path: Assets/WebPlayerTemplates/unity-webview
  artifactKey: Guid(e76c9a30b7f6447eca50079ce4d595ed) Importer(815301076,1909f56bfc062723c751e8b465ee728b)
Start importing Assets/WebPlayerTemplates/unity-webview using Guid(e76c9a30b7f6447eca50079ce4d595ed) Importer(815301076,1909f56bfc062723c751e8b465ee728b)  -> (artifact id: 'ae9d0ec84ab21a08120d0e30bc261fb3') in 0.010879 seconds
  Import took 0.014507 seconds .

========================================================================
Received Import Request.
  Time since last request: 0.000504 seconds.
  path: Assets/WebPlayerTemplates/unity-webview
  artifactKey: Guid(e76c9a30b7f6447eca50079ce4d595ed) Importer(815301076,1909f56bfc062723c751e8b465ee728b)
Start importing Assets/WebPlayerTemplates/unity-webview using Guid(e76c9a30b7f6447eca50079ce4d595ed) Importer(815301076,1909f56bfc062723c751e8b465ee728b)  -> (artifact id: 'ae9d0ec84ab21a08120d0e30bc261fb3') in 0.003887 seconds
  Import took 0.006693 seconds .

========================================================================
Received Import Request.
  Time since last request: 1.309019 seconds.
  path: Assets/WebPlayerTemplates/unity-webview/thumbnail.png
  artifactKey: Guid(018355354713f41b2bed252c88e082c7) Importer(815301076,1909f56bfc062723c751e8b465ee728b)
Start importing Assets/WebPlayerTemplates/unity-webview/thumbnail.png using Guid(018355354713f41b2bed252c88e082c7) Importer(815301076,1909f56bfc062723c751e8b465ee728b)  -> (artifact id: '0798e3bdbbaa90ec6abb12b45d0a5bb5') in 0.013555 seconds
  Import took 0.016531 seconds .

========================================================================
Received Import Request.
  Time since last request: 0.000378 seconds.
  path: Assets/WebPlayerTemplates/unity-webview/thumbnail.png
  artifactKey: Guid(018355354713f41b2bed252c88e082c7) Importer(815301076,1909f56bfc062723c751e8b465ee728b)
Start importing Assets/WebPlayerTemplates/unity-webview/thumbnail.png using Guid(018355354713f41b2bed252c88e082c7) Importer(815301076,1909f56bfc062723c751e8b465ee728b)  -> (artifact id: '0798e3bdbbaa90ec6abb12b45d0a5bb5') in 0.004342 seconds
  Import took 0.007037 seconds .

========================================================================
Received Import Request.
  Time since last request: 0.869880 seconds.
  path: Assets/WebPlayerTemplates/unity-webview/unity-webview.js
  artifactKey: Guid(7bf88e2aa1e624d64b530ad0c2383b9e) Importer(815301076,1909f56bfc062723c751e8b465ee728b)
Start importing Assets/WebPlayerTemplates/unity-webview/unity-webview.js using Guid(7bf88e2aa1e624d64b530ad0c2383b9e) Importer(815301076,1909f56bfc062723c751e8b465ee728b)  -> (artifact id: 'ae7d3ebe47d6da3cd153846168fb33f4') in 0.003321 seconds
  Import took 0.006440 seconds .

========================================================================
Received Import Request.
  Time since last request: 0.654889 seconds.
  path: Assets/WebPlayerTemplates/unity-webview/index.html
  artifactKey: Guid(f6333062aa8e346f2abc78ef7a457580) Importer(815301076,1909f56bfc062723c751e8b465ee728b)
Start importing Assets/WebPlayerTemplates/unity-webview/index.html using Guid(f6333062aa8e346f2abc78ef7a457580) Importer(815301076,1909f56bfc062723c751e8b465ee728b)  -> (artifact id: '4ff48db183ba1714f718d4802eb66464') in 0.015917 seconds
  Import took 0.018903 seconds .

========================================================================
Received Prepare
Registering precompiled user dll's ...
Registered in 0.001055 seconds.
Begin MonoManager ReloadAssembly
Native extension for WindowsStandalone target not found
Native extension for WebGL target not found
Refreshing native plugins compatible for Editor in 0.37 ms, found 0 plugins.
Preloading 0 native plugins for Editor in 0.00 ms.
Invoked RoslynAnalysisRunner static constructor.
RoslynAnalysisRunner will not be running.
RoslynAnalysisRunner has terminated.
Mono: successfully reloaded assembly
- Completed reload, in  1.144 seconds
Platform modules already initialized, skipping
Switching build target platform(5) subTarget(0) extendedPlatform(0) -> platform(13) subTarget(65536) extendedPlatform(0)
Refreshing native plugins compatible for Editor in 0.42 ms, found 0 plugins.
Preloading 0 native plugins for Editor in 0.00 ms.
Unloading 1122 Unused Serialized files (Serialized files now loaded: 0)
System memory in use before: 57.5 MB.
System memory in use after: 57.6 MB.

Unloading 9 unused Assets to reduce memory usage. Loaded Objects now: 1567.
Total: 2.862300 ms (FindLiveObjects: 0.531700 ms CreateObjectMapping: 0.098700 ms MarkObjects: 2.199600 ms  DeleteObjects: 0.024000 ms)

AssetImportParameters requested are different than current active one (requested -> active):
  custom:graphics/normal-map-encoding: 01000000000000000000000000000000 -> 02000000000000000000000000000000
========================================================================
Received Import Request.
  Time since last request: 51.138628 seconds.
  path: Packages/com.unity.ide.visualstudio
  artifactKey: Guid(9db636ca49aa246019dd93b7c8b689f4) Importer(815301076,1909f56bfc062723c751e8b465ee728b)
Start importing Packages/com.unity.ide.visualstudio using Guid(9db636ca49aa246019dd93b7c8b689f4) Importer(815301076,1909f56bfc062723c751e8b465ee728b)  -> (artifact id: '8dc8cf6bec6d629ec503454e8c683348') in 0.015496 seconds
  Import took 0.020443 seconds .

========================================================================
Received Import Request.
  Time since last request: 454.323873 seconds.
  path: Assets/StreamingAssets/sample.html
  artifactKey: Guid(b9faa7687fef84e5ab19565b8e1c59a8) Importer(815301076,1909f56bfc062723c751e8b465ee728b)
Start importing Assets/StreamingAssets/sample.html using Guid(b9faa7687fef84e5ab19565b8e1c59a8) Importer(815301076,1909f56bfc062723c751e8b465ee728b)  -> (artifact id: '4e3778a0f11367bf1ab9f891a4e9a79f') in 0.022502 seconds
  Import took 0.025433 seconds .

========================================================================
Received Import Request.
  Time since last request: 52.954766 seconds.
  path: Assets/Scripts/SampleWebView.cs
  artifactKey: Guid(fb516f7ac0cee4b0f8345a5a60de3f42) Importer(815301076,1909f56bfc062723c751e8b465ee728b)
Start importing Assets/Scripts/SampleWebView.cs using Guid(fb516f7ac0cee4b0f8345a5a60de3f42) Importer(815301076,1909f56bfc062723c751e8b465ee728b)  -> (artifact id: '471d1433b93e2d6ad98af255994f8cf4') in 0.013549 seconds
  Import took 0.016580 seconds .

========================================================================
Received Import Request.
  Time since last request: 0.042478 seconds.
  path: Assets/Scripts/SampleWebView.cs
  artifactKey: Guid(fb516f7ac0cee4b0f8345a5a60de3f42) Importer(815301076,1909f56bfc062723c751e8b465ee728b)
Start importing Assets/Scripts/SampleWebView.cs using Guid(fb516f7ac0cee4b0f8345a5a60de3f42) Importer(815301076,1909f56bfc062723c751e8b465ee728b)  -> (artifact id: '471d1433b93e2d6ad98af255994f8cf4') in 0.002964 seconds
  Import took 0.005603 seconds .

========================================================================
Received Prepare
Registering precompiled user dll's ...
Registered in 0.001058 seconds.
Begin MonoManager ReloadAssembly
Native extension for WindowsStandalone target not found
Native extension for WebGL target not found
Refreshing native plugins compatible for Editor in 0.38 ms, found 0 plugins.
Preloading 0 native plugins for Editor in 0.00 ms.
Invoked RoslynAnalysisRunner static constructor.
RoslynAnalysisRunner will not be running.
RoslynAnalysisRunner has terminated.
Mono: successfully reloaded assembly
- Completed reload, in  1.221 seconds
Platform modules already initialized, skipping
Switching build target platform(5) subTarget(0) extendedPlatform(0) -> platform(13) subTarget(65536) extendedPlatform(0)
Refreshing native plugins compatible for Editor in 0.35 ms, found 0 plugins.
Preloading 0 native plugins for Editor in 0.00 ms.
Unloading 1122 Unused Serialized files (Serialized files now loaded: 0)
System memory in use before: 57.5 MB.
System memory in use after: 57.6 MB.

Unloading 9 unused Assets to reduce memory usage. Loaded Objects now: 1570.
Total: 2.237200 ms (FindLiveObjects: 0.161000 ms CreateObjectMapping: 0.046700 ms MarkObjects: 2.008400 ms  DeleteObjects: 0.020200 ms)

AssetImportParameters requested are different than current active one (requested -> active):
  custom:graphics/normal-map-encoding: 01000000000000000000000000000000 -> 02000000000000000000000000000000
========================================================================
Received Prepare
Refreshing native plugins compatible for Editor in 2.96 ms, found 0 plugins.
Preloading 0 native plugins for Editor in 0.00 ms.
Unloading 7 Unused Serialized files (Serialized files now loaded: 0)
System memory in use before: 35.2 MB.
System memory in use after: 35.3 MB.

Unloading 7 unused Assets to reduce memory usage. Loaded Objects now: 1570.
Total: 3.010000 ms (FindLiveObjects: 0.177700 ms CreateObjectMapping: 0.048600 ms MarkObjects: 2.756100 ms  DeleteObjects: 0.026200 ms)

========================================================================
Received Prepare
Refreshing native plugins compatible for Editor in 3.50 ms, found 0 plugins.
Preloading 0 native plugins for Editor in 0.00 ms.
Unloading 7 Unused Serialized files (Serialized files now loaded: 0)
System memory in use before: 35.2 MB.
System memory in use after: 35.3 MB.

Unloading 7 unused Assets to reduce memory usage. Loaded Objects now: 1570.
Total: 2.604900 ms (FindLiveObjects: 0.190800 ms CreateObjectMapping: 0.058400 ms MarkObjects: 2.331000 ms  DeleteObjects: 0.023200 ms)

========================================================================
Received Prepare
Registering precompiled user dll's ...
Registered in 0.001042 seconds.
Begin MonoManager ReloadAssembly
Native extension for WindowsStandalone target not found
Native extension for WebGL target not found
Refreshing native plugins compatible for Editor in 0.35 ms, found 0 plugins.
Preloading 0 native plugins for Editor in 0.00 ms.
Invoked RoslynAnalysisRunner static constructor.
RoslynAnalysisRunner will not be running.
RoslynAnalysisRunner has terminated.
Mono: successfully reloaded assembly
- Completed reload, in  1.101 seconds
Platform modules already initialized, skipping
Switching build target platform(5) subTarget(0) extendedPlatform(0) -> platform(13) subTarget(65536) extendedPlatform(0)
Refreshing native plugins compatible for Editor in 0.35 ms, found 0 plugins.
Preloading 0 native plugins for Editor in 0.00 ms.
Unloading 1122 Unused Serialized files (Serialized files now loaded: 0)
System memory in use before: 57.6 MB.
System memory in use after: 57.7 MB.

Unloading 9 unused Assets to reduce memory usage. Loaded Objects now: 1573.
Total: 2.092600 ms (FindLiveObjects: 0.170800 ms CreateObjectMapping: 0.051400 ms MarkObjects: 1.850400 ms  DeleteObjects: 0.018800 ms)

AssetImportParameters requested are different than current active one (requested -> active):
  custom:graphics/normal-map-encoding: 01000000000000000000000000000000 -> 02000000000000000000000000000000
========================================================================
Received Prepare
Refreshing native plugins compatible for Editor in 3.12 ms, found 0 plugins.
Preloading 0 native plugins for Editor in 0.00 ms.
Unloading 7 Unused Serialized files (Serialized files now loaded: 0)
System memory in use before: 35.2 MB.
System memory in use after: 35.3 MB.

Unloading 7 unused Assets to reduce memory usage. Loaded Objects now: 1573.
Total: 2.206300 ms (FindLiveObjects: 0.164000 ms CreateObjectMapping: 0.055700 ms MarkObjects: 1.964800 ms  DeleteObjects: 0.019500 ms)

========================================================================
Received Prepare
Registering precompiled user dll's ...
Registered in 0.001033 seconds.
Begin MonoManager ReloadAssembly
Native extension for WindowsStandalone target not found
Native extension for WebGL target not found
Refreshing native plugins compatible for Editor in 0.39 ms, found 0 plugins.
Preloading 0 native plugins for Editor in 0.00 ms.
Invoked RoslynAnalysisRunner static constructor.
RoslynAnalysisRunner will not be running.
RoslynAnalysisRunner has terminated.
Mono: successfully reloaded assembly
- Completed reload, in  1.275 seconds
Platform modules already initialized, skipping
Switching build target platform(5) subTarget(0) extendedPlatform(0) -> platform(13) subTarget(65536) extendedPlatform(0)
Refreshing native plugins compatible for Editor in 0.40 ms, found 0 plugins.
Preloading 0 native plugins for Editor in 0.00 ms.
Unloading 1122 Unused Serialized files (Serialized files now loaded: 0)
System memory in use before: 57.6 MB.
System memory in use after: 57.7 MB.

Unloading 9 unused Assets to reduce memory usage. Loaded Objects now: 1576.
Total: 3.310200 ms (FindLiveObjects: 0.218000 ms CreateObjectMapping: 0.081600 ms MarkObjects: 2.983100 ms  DeleteObjects: 0.025500 ms)

AssetImportParameters requested are different than current active one (requested -> active):
  custom:graphics/normal-map-encoding: 01000000000000000000000000000000 -> 02000000000000000000000000000000
========================================================================
Received Prepare
Refreshing native plugins compatible for Editor in 3.01 ms, found 0 plugins.
Preloading 0 native plugins for Editor in 0.00 ms.
Unloading 7 Unused Serialized files (Serialized files now loaded: 0)
System memory in use before: 35.2 MB.
System memory in use after: 35.3 MB.

Unloading 7 unused Assets to reduce memory usage. Loaded Objects now: 1576.
Total: 2.079900 ms (FindLiveObjects: 0.232700 ms CreateObjectMapping: 0.068300 ms MarkObjects: 1.759800 ms  DeleteObjects: 0.017200 ms)

========================================================================
Received Prepare
Refreshing native plugins compatible for Editor in 2.89 ms, found 0 plugins.
Preloading 0 native plugins for Editor in 0.00 ms.
Unloading 7 Unused Serialized files (Serialized files now loaded: 0)
System memory in use before: 35.2 MB.
System memory in use after: 35.3 MB.

Unloading 7 unused Assets to reduce memory usage. Loaded Objects now: 1576.
Total: 2.258200 ms (FindLiveObjects: 0.168200 ms CreateObjectMapping: 0.047700 ms MarkObjects: 2.026300 ms  DeleteObjects: 0.015100 ms)

========================================================================
Received Import Request.
  Time since last request: 4558.679346 seconds.
  path: Assets/Sample.unity
  artifactKey: Guid(13305894bc19a4c0b9628a8b5b587b99) Importer(815301076,1909f56bfc062723c751e8b465ee728b)
Start importing Assets/Sample.unity using Guid(13305894bc19a4c0b9628a8b5b587b99) Importer(815301076,1909f56bfc062723c751e8b465ee728b)  -> (artifact id: '3ca3007e5b3de69c97643277c1cc8045') in 0.025611 seconds
  Import took 0.029156 seconds .

========================================================================
Received Import Request.
  Time since last request: 2.944642 seconds.
  path: Assets/WebGLTemplates
  artifactKey: Guid(396d2c966866e4a8ca47369a69d03109) Importer(815301076,1909f56bfc062723c751e8b465ee728b)
Start importing Assets/WebGLTemplates using Guid(396d2c966866e4a8ca47369a69d03109) Importer(815301076,1909f56bfc062723c751e8b465ee728b)  -> (artifact id: '47681d885687a5546ed757bb4c506fea') in 0.011392 seconds
  Import took 0.014608 seconds .

========================================================================
Received Import Request.
  Time since last request: 0.000724 seconds.
  path: Assets/WebGLTemplates
  artifactKey: Guid(396d2c966866e4a8ca47369a69d03109) Importer(815301076,1909f56bfc062723c751e8b465ee728b)
Start importing Assets/WebGLTemplates using Guid(396d2c966866e4a8ca47369a69d03109) Importer(815301076,1909f56bfc062723c751e8b465ee728b)  -> (artifact id: '47681d885687a5546ed757bb4c506fea') in 0.004470 seconds
  Import took 0.007799 seconds .

========================================================================
Received Prepare
Refreshing native plugins compatible for Editor in 3.26 ms, found 0 plugins.
Preloading 0 native plugins for Editor in 0.00 ms.
Unloading 7 Unused Serialized files (Serialized files now loaded: 0)
System memory in use before: 35.2 MB.
System memory in use after: 35.3 MB.

Unloading 7 unused Assets to reduce memory usage. Loaded Objects now: 1576.
Total: 3.142100 ms (FindLiveObjects: 0.199500 ms CreateObjectMapping: 0.058500 ms MarkObjects: 2.856700 ms  DeleteObjects: 0.025500 ms)

========================================================================
Received Prepare
Registering precompiled user dll's ...
Registered in 0.001171 seconds.
Begin MonoManager ReloadAssembly
Native extension for WindowsStandalone target not found
Native extension for WebGL target not found
Refreshing native plugins compatible for Editor in 0.35 ms, found 0 plugins.
Preloading 0 native plugins for Editor in 0.00 ms.
Invoked RoslynAnalysisRunner static constructor.
RoslynAnalysisRunner will not be running.
RoslynAnalysisRunner has terminated.
Mono: successfully reloaded assembly
- Completed reload, in  1.133 seconds
Platform modules already initialized, skipping
Switching build target platform(5) subTarget(0) extendedPlatform(0) -> platform(13) subTarget(65536) extendedPlatform(0)
Refreshing native plugins compatible for Editor in 0.40 ms, found 0 plugins.
Preloading 0 native plugins for Editor in 0.00 ms.
Unloading 1122 Unused Serialized files (Serialized files now loaded: 0)
System memory in use before: 57.6 MB.
System memory in use after: 57.7 MB.

Unloading 9 unused Assets to reduce memory usage. Loaded Objects now: 1579.
Total: 2.154400 ms (FindLiveObjects: 0.214200 ms CreateObjectMapping: 0.051300 ms MarkObjects: 1.870300 ms  DeleteObjects: 0.017600 ms)

AssetImportParameters requested are different than current active one (requested -> active):
  custom:graphics/normal-map-encoding: 01000000000000000000000000000000 -> 02000000000000000000000000000000
========================================================================
Received Prepare
Registering precompiled user dll's ...
Registered in 0.000992 seconds.
Begin MonoManager ReloadAssembly
Native extension for WindowsStandalone target not found
Native extension for WebGL target not found
Refreshing native plugins compatible for Editor in 0.36 ms, found 0 plugins.
Preloading 0 native plugins for Editor in 0.00 ms.
Invoked RoslynAnalysisRunner static constructor.
RoslynAnalysisRunner will not be running.
RoslynAnalysisRunner has terminated.
Mono: successfully reloaded assembly
- Completed reload, in  1.222 seconds
Platform modules already initialized, skipping
Switching build target platform(5) subTarget(0) extendedPlatform(0) -> platform(13) subTarget(65536) extendedPlatform(0)
Refreshing native plugins compatible for Editor in 0.55 ms, found 0 plugins.
Preloading 0 native plugins for Editor in 0.00 ms.
Unloading 1122 Unused Serialized files (Serialized files now loaded: 0)
System memory in use before: 57.6 MB.
System memory in use after: 57.7 MB.

Unloading 9 unused Assets to reduce memory usage. Loaded Objects now: 1582.
Total: 2.739000 ms (FindLiveObjects: 0.241100 ms CreateObjectMapping: 0.071100 ms MarkObjects: 2.374400 ms  DeleteObjects: 0.050200 ms)

AssetImportParameters requested are different than current active one (requested -> active):
  custom:graphics/normal-map-encoding: 01000000000000000000000000000000 -> 02000000000000000000000000000000
========================================================================
Received Prepare
Refreshing native plugins compatible for Editor in 3.05 ms, found 0 plugins.
Preloading 0 native plugins for Editor in 0.00 ms.
Unloading 7 Unused Serialized files (Serialized files now loaded: 0)
System memory in use before: 35.2 MB.
System memory in use after: 35.3 MB.

Unloading 7 unused Assets to reduce memory usage. Loaded Objects now: 1582.
Total: 2.312900 ms (FindLiveObjects: 0.233700 ms CreateObjectMapping: 0.060100 ms MarkObjects: 1.996400 ms  DeleteObjects: 0.020700 ms)

========================================================================
Received Prepare
Registering precompiled user dll's ...
Registered in 0.001027 seconds.
Begin MonoManager ReloadAssembly
Native extension for WindowsStandalone target not found
Native extension for WebGL target not found
Refreshing native plugins compatible for Editor in 0.35 ms, found 0 plugins.
Preloading 0 native plugins for Editor in 0.00 ms.
Invoked RoslynAnalysisRunner static constructor.
RoslynAnalysisRunner will not be running.
RoslynAnalysisRunner has terminated.
Mono: successfully reloaded assembly
- Completed reload, in  1.220 seconds
Platform modules already initialized, skipping
Switching build target platform(5) subTarget(0) extendedPlatform(0) -> platform(13) subTarget(65536) extendedPlatform(0)
Refreshing native plugins compatible for Editor in 0.41 ms, found 0 plugins.
Preloading 0 native plugins for Editor in 0.00 ms.
Unloading 1122 Unused Serialized files (Serialized files now loaded: 0)
System memory in use before: 57.6 MB.
System memory in use after: 57.7 MB.

Unloading 9 unused Assets to reduce memory usage. Loaded Objects now: 1585.
Total: 2.416100 ms (FindLiveObjects: 0.238600 ms CreateObjectMapping: 0.069600 ms MarkObjects: 2.082000 ms  DeleteObjects: 0.024000 ms)

AssetImportParameters requested are different than current active one (requested -> active):
  custom:graphics/normal-map-encoding: 01000000000000000000000000000000 -> 02000000000000000000000000000000
========================================================================
Received Prepare
Refreshing native plugins compatible for Editor in 2.99 ms, found 0 plugins.
Preloading 0 native plugins for Editor in 0.00 ms.
Unloading 7 Unused Serialized files (Serialized files now loaded: 0)
System memory in use before: 35.2 MB.
System memory in use after: 35.3 MB.

Unloading 7 unused Assets to reduce memory usage. Loaded Objects now: 1585.
Total: 2.101000 ms (FindLiveObjects: 0.165600 ms CreateObjectMapping: 0.045100 ms MarkObjects: 1.872000 ms  DeleteObjects: 0.017000 ms)

========================================================================
Received Prepare
Registering precompiled user dll's ...
Registered in 0.001043 seconds.
Begin MonoManager ReloadAssembly
Native extension for WindowsStandalone target not found
Native extension for WebGL target not found
Refreshing native plugins compatible for Editor in 0.36 ms, found 0 plugins.
Preloading 0 native plugins for Editor in 0.00 ms.
Invoked RoslynAnalysisRunner static constructor.
RoslynAnalysisRunner will not be running.
RoslynAnalysisRunner has terminated.
Mono: successfully reloaded assembly
- Completed reload, in  1.152 seconds
Platform modules already initialized, skipping
Switching build target platform(5) subTarget(0) extendedPlatform(0) -> platform(13) subTarget(65536) extendedPlatform(0)
Refreshing native plugins compatible for Editor in 0.38 ms, found 0 plugins.
Preloading 0 native plugins for Editor in 0.00 ms.
Unloading 1122 Unused Serialized files (Serialized files now loaded: 0)
System memory in use before: 57.6 MB.
System memory in use after: 57.7 MB.

Unloading 9 unused Assets to reduce memory usage. Loaded Objects now: 1588.
Total: 2.294200 ms (FindLiveObjects: 0.204700 ms CreateObjectMapping: 0.057900 ms MarkObjects: 2.009000 ms  DeleteObjects: 0.021200 ms)

AssetImportParameters requested are different than current active one (requested -> active):
  custom:graphics/normal-map-encoding: 01000000000000000000000000000000 -> 02000000000000000000000000000000
========================================================================
Received Prepare
Registering precompiled user dll's ...
Registered in 0.000995 seconds.
Begin MonoManager ReloadAssembly
Native extension for WindowsStandalone target not found
Native extension for WebGL target not found
Refreshing native plugins compatible for Editor in 0.37 ms, found 0 plugins.
Preloading 0 native plugins for Editor in 0.00 ms.
Invoked RoslynAnalysisRunner static constructor.
RoslynAnalysisRunner will not be running.
RoslynAnalysisRunner has terminated.
Mono: successfully reloaded assembly
- Completed reload, in  1.229 seconds
Platform modules already initialized, skipping
Switching build target platform(5) subTarget(0) extendedPlatform(0) -> platform(13) subTarget(65536) extendedPlatform(0)
Refreshing native plugins compatible for Editor in 0.35 ms, found 0 plugins.
Preloading 0 native plugins for Editor in 0.00 ms.
Unloading 1122 Unused Serialized files (Serialized files now loaded: 0)
System memory in use before: 57.6 MB.
System memory in use after: 57.7 MB.

Unloading 9 unused Assets to reduce memory usage. Loaded Objects now: 1591.
Total: 1.967900 ms (FindLiveObjects: 0.172400 ms CreateObjectMapping: 0.048700 ms MarkObjects: 1.726500 ms  DeleteObjects: 0.019200 ms)

AssetImportParameters requested are different than current active one (requested -> active):
  custom:graphics/normal-map-encoding: 01000000000000000000000000000000 -> 02000000000000000000000000000000
========================================================================
Received Prepare
Registering precompiled user dll's ...
Registered in 0.001020 seconds.
Begin MonoManager ReloadAssembly
Native extension for WindowsStandalone target not found
Native extension for WebGL target not found
Refreshing native plugins compatible for Editor in 0.37 ms, found 0 plugins.
Preloading 0 native plugins for Editor in 0.00 ms.
Invoked RoslynAnalysisRunner static constructor.
RoslynAnalysisRunner will not be running.
RoslynAnalysisRunner has terminated.
Mono: successfully reloaded assembly
- Completed reload, in  1.229 seconds
Platform modules already initialized, skipping
Switching build target platform(5) subTarget(0) extendedPlatform(0) -> platform(13) subTarget(65536) extendedPlatform(0)
Refreshing native plugins compatible for Editor in 0.48 ms, found 0 plugins.
Preloading 0 native plugins for Editor in 0.00 ms.
Unloading 1122 Unused Serialized files (Serialized files now loaded: 0)
System memory in use before: 57.6 MB.
System memory in use after: 57.7 MB.

Unloading 9 unused Assets to reduce memory usage. Loaded Objects now: 1594.
Total: 15.635300 ms (FindLiveObjects: 0.372600 ms CreateObjectMapping: 0.067600 ms MarkObjects: 15.121700 ms  DeleteObjects: 0.067600 ms)

AssetImportParameters requested are different than current active one (requested -> active):
  custom:graphics/normal-map-encoding: 01000000000000000000000000000000 -> 02000000000000000000000000000000
========================================================================
Received Prepare
Registering precompiled user dll's ...
Registered in 0.001036 seconds.
Begin MonoManager ReloadAssembly
Native extension for WindowsStandalone target not found
Native extension for WebGL target not found
Refreshing native plugins compatible for Editor in 0.37 ms, found 0 plugins.
Preloading 0 native plugins for Editor in 0.00 ms.
Invoked RoslynAnalysisRunner static constructor.
RoslynAnalysisRunner will not be running.
RoslynAnalysisRunner has terminated.
Mono: successfully reloaded assembly
- Completed reload, in  1.250 seconds
Platform modules already initialized, skipping
Switching build target platform(5) subTarget(0) extendedPlatform(0) -> platform(13) subTarget(65536) extendedPlatform(0)
Refreshing native plugins compatible for Editor in 0.35 ms, found 0 plugins.
Preloading 0 native plugins for Editor in 0.00 ms.
Unloading 1122 Unused Serialized files (Serialized files now loaded: 0)
System memory in use before: 57.6 MB.
System memory in use after: 57.7 MB.

Unloading 9 unused Assets to reduce memory usage. Loaded Objects now: 1597.
Total: 2.141200 ms (FindLiveObjects: 0.159800 ms CreateObjectMapping: 0.042800 ms MarkObjects: 1.917500 ms  DeleteObjects: 0.019800 ms)

AssetImportParameters requested are different than current active one (requested -> active):
  custom:graphics/normal-map-encoding: 01000000000000000000000000000000 -> 02000000000000000000000000000000
========================================================================
Received Prepare
Registering precompiled user dll's ...
Registered in 0.001027 seconds.
Begin MonoManager ReloadAssembly
Native extension for WindowsStandalone target not found
Native extension for WebGL target not found
Refreshing native plugins compatible for Editor in 0.37 ms, found 0 plugins.
Preloading 0 native plugins for Editor in 0.00 ms.
Invoked RoslynAnalysisRunner static constructor.
RoslynAnalysisRunner will not be running.
RoslynAnalysisRunner has terminated.
Mono: successfully reloaded assembly
- Completed reload, in  1.262 seconds
Platform modules already initialized, skipping
Switching build target platform(5) subTarget(0) extendedPlatform(0) -> platform(13) subTarget(65536) extendedPlatform(0)
Refreshing native plugins compatible for Editor in 0.49 ms, found 0 plugins.
Preloading 0 native plugins for Editor in 0.00 ms.
Unloading 1122 Unused Serialized files (Serialized files now loaded: 0)
System memory in use before: 57.6 MB.
System memory in use after: 57.7 MB.

Unloading 9 unused Assets to reduce memory usage. Loaded Objects now: 1600.
Total: 2.808300 ms (FindLiveObjects: 0.242700 ms CreateObjectMapping: 0.079900 ms MarkObjects: 2.453300 ms  DeleteObjects: 0.029600 ms)

AssetImportParameters requested are different than current active one (requested -> active):
  custom:graphics/normal-map-encoding: 01000000000000000000000000000000 -> 02000000000000000000000000000000
========================================================================
Received Prepare
Registering precompiled user dll's ...
Registered in 0.001048 seconds.
Begin MonoManager ReloadAssembly
Native extension for WindowsStandalone target not found
Native extension for WebGL target not found
Refreshing native plugins compatible for Editor in 0.35 ms, found 0 plugins.
Preloading 0 native plugins for Editor in 0.00 ms.
Invoked RoslynAnalysisRunner static constructor.
RoslynAnalysisRunner will not be running.
RoslynAnalysisRunner has terminated.
Mono: successfully reloaded assembly
- Completed reload, in  1.167 seconds
Platform modules already initialized, skipping
Switching build target platform(5) subTarget(0) extendedPlatform(0) -> platform(13) subTarget(65536) extendedPlatform(0)
Refreshing native plugins compatible for Editor in 0.35 ms, found 0 plugins.
Preloading 0 native plugins for Editor in 0.00 ms.
Unloading 1122 Unused Serialized files (Serialized files now loaded: 0)
System memory in use before: 57.6 MB.
System memory in use after: 57.7 MB.

Unloading 9 unused Assets to reduce memory usage. Loaded Objects now: 1603.
Total: 1.862100 ms (FindLiveObjects: 0.165500 ms CreateObjectMapping: 0.043700 ms MarkObjects: 1.635000 ms  DeleteObjects: 0.017000 ms)

AssetImportParameters requested are different than current active one (requested -> active):
  custom:graphics/normal-map-encoding: 01000000000000000000000000000000 -> 02000000000000000000000000000000
========================================================================
Received Prepare
Refreshing native plugins compatible for Editor in 2.94 ms, found 0 plugins.
Preloading 0 native plugins for Editor in 0.00 ms.
Unloading 7 Unused Serialized files (Serialized files now loaded: 0)
System memory in use before: 35.2 MB.
System memory in use after: 35.4 MB.

Unloading 7 unused Assets to reduce memory usage. Loaded Objects now: 1603.
Total: 2.107700 ms (FindLiveObjects: 0.167400 ms CreateObjectMapping: 0.045300 ms MarkObjects: 1.878000 ms  DeleteObjects: 0.015900 ms)

========================================================================
Received Import Request.
  Time since last request: 799.448174 seconds.
  path: Assets/Scripts/GPS Permission.cs
  artifactKey: Guid(43cb467101e324a43826ec2456726f3e) Importer(815301076,1909f56bfc062723c751e8b465ee728b)
Start importing Assets/Scripts/GPS Permission.cs using Guid(43cb467101e324a43826ec2456726f3e) Importer(815301076,1909f56bfc062723c751e8b465ee728b)  -> (artifact id: '02a1b83e5369ea6ec11de0c1291083fb') in 0.016540 seconds
  Import took 0.020210 seconds .

========================================================================
Received Prepare
Registering precompiled user dll's ...
Registered in 0.001232 seconds.
Begin MonoManager ReloadAssembly
Native extension for WindowsStandalone target not found
Native extension for WebGL target not found
Refreshing native plugins compatible for Editor in 0.40 ms, found 0 plugins.
Preloading 0 native plugins for Editor in 0.00 ms.
Invoked RoslynAnalysisRunner static constructor.
RoslynAnalysisRunner will not be running.
RoslynAnalysisRunner has terminated.
Mono: successfully reloaded assembly
- Completed reload, in  2.312 seconds
Platform modules already initialized, skipping
Switching build target platform(5) subTarget(0) extendedPlatform(0) -> platform(13) subTarget(65536) extendedPlatform(0)
Refreshing native plugins compatible for Editor in 0.36 ms, found 0 plugins.
Preloading 0 native plugins for Editor in 0.00 ms.
Unloading 1123 Unused Serialized files (Serialized files now loaded: 0)
System memory in use before: 57.7 MB.
System memory in use after: 57.8 MB.

Unloading 9 unused Assets to reduce memory usage. Loaded Objects now: 1607.
Total: 2.151800 ms (FindLiveObjects: 0.203800 ms CreateObjectMapping: 0.055300 ms MarkObjects: 1.864900 ms  DeleteObjects: 0.026100 ms)

AssetImportParameters requested are different than current active one (requested -> active):
  custom:graphics/normal-map-encoding: 01000000000000000000000000000000 -> 02000000000000000000000000000000
========================================================================
Received Prepare
Registering precompiled user dll's ...
Registered in 0.001283 seconds.
Begin MonoManager ReloadAssembly
Native extension for WindowsStandalone target not found
Native extension for WebGL target not found
Refreshing native plugins compatible for Editor in 0.36 ms, found 0 plugins.
Preloading 0 native plugins for Editor in 0.00 ms.
Invoked RoslynAnalysisRunner static constructor.
RoslynAnalysisRunner will not be running.
RoslynAnalysisRunner has terminated.
Mono: successfully reloaded assembly
- Completed reload, in  1.153 seconds
Platform modules already initialized, skipping
Switching build target platform(5) subTarget(0) extendedPlatform(0) -> platform(13) subTarget(65536) extendedPlatform(0)
Refreshing native plugins compatible for Editor in 0.37 ms, found 0 plugins.
Preloading 0 native plugins for Editor in 0.00 ms.
Unloading 1123 Unused Serialized files (Serialized files now loaded: 0)
System memory in use before: 57.7 MB.
System memory in use after: 57.8 MB.

Unloading 9 unused Assets to reduce memory usage. Loaded Objects now: 1610.
Total: 2.269200 ms (FindLiveObjects: 0.230100 ms CreateObjectMapping: 0.086900 ms MarkObjects: 1.929900 ms  DeleteObjects: 0.020900 ms)

AssetImportParameters requested are different than current active one (requested -> active):
  custom:graphics/normal-map-encoding: 01000000000000000000000000000000 -> 02000000000000000000000000000000
========================================================================
Received Import Request.
  Time since last request: 32.443970 seconds.
  path: Assets/Scripts/GPS Permission.cs
  artifactKey: Guid(43cb467101e324a43826ec2456726f3e) Importer(815301076,1909f56bfc062723c751e8b465ee728b)
Start importing Assets/Scripts/GPS Permission.cs using Guid(43cb467101e324a43826ec2456726f3e) Importer(815301076,1909f56bfc062723c751e8b465ee728b)  -> (artifact id: 'e281ed2a75fff61d342cdf08b93d0abb') in 0.008430 seconds
  Import took 0.011399 seconds .

========================================================================
Received Prepare
Refreshing native plugins compatible for Editor in 3.04 ms, found 0 plugins.
Preloading 0 native plugins for Editor in 0.00 ms.
Unloading 7 Unused Serialized files (Serialized files now loaded: 0)
System memory in use before: 35.3 MB.
System memory in use after: 35.4 MB.

Unloading 7 unused Assets to reduce memory usage. Loaded Objects now: 1610.
Total: 2.109800 ms (FindLiveObjects: 0.190600 ms CreateObjectMapping: 0.051900 ms MarkObjects: 1.849500 ms  DeleteObjects: 0.016500 ms)

========================================================================
Received Prepare
Registering precompiled user dll's ...
Registered in 0.002146 seconds.
Begin MonoManager ReloadAssembly
Native extension for WindowsStandalone target not found
Native extension for WebGL target not found
Refreshing native plugins compatible for Editor in 0.43 ms, found 0 plugins.
Preloading 0 native plugins for Editor in 0.00 ms.
Invoked RoslynAnalysisRunner static constructor.
RoslynAnalysisRunner will not be running.
RoslynAnalysisRunner has terminated.
Mono: successfully reloaded assembly
- Completed reload, in  1.407 seconds
Platform modules already initialized, skipping
Switching build target platform(5) subTarget(0) extendedPlatform(0) -> platform(13) subTarget(65536) extendedPlatform(0)
Refreshing native plugins compatible for Editor in 0.42 ms, found 0 plugins.
Preloading 0 native plugins for Editor in 0.00 ms.
Unloading 1123 Unused Serialized files (Serialized files now loaded: 0)
System memory in use before: 57.7 MB.
System memory in use after: 57.8 MB.

Unloading 9 unused Assets to reduce memory usage. Loaded Objects now: 1613.
Total: 2.730200 ms (FindLiveObjects: 0.232600 ms CreateObjectMapping: 0.071300 ms MarkObjects: 2.398400 ms  DeleteObjects: 0.026300 ms)

AssetImportParameters requested are different than current active one (requested -> active):
  custom:graphics/normal-map-encoding: 01000000000000000000000000000000 -> 02000000000000000000000000000000
========================================================================
Received Import Request.
  Time since last request: 228.239858 seconds.
  path: Assets/Scripts/GPS Permission.cs
  artifactKey: Guid(43cb467101e324a43826ec2456726f3e) Importer(815301076,1909f56bfc062723c751e8b465ee728b)
Start importing Assets/Scripts/GPS Permission.cs using Guid(43cb467101e324a43826ec2456726f3e) Importer(815301076,1909f56bfc062723c751e8b465ee728b)  -> (artifact id: '5b8482e6004a2b4991ea885f8b3f70b9') in 0.011020 seconds
  Import took 0.014737 seconds .

========================================================================
Received Prepare
Refreshing native plugins compatible for Editor in 2.96 ms, found 0 plugins.
Preloading 0 native plugins for Editor in 0.00 ms.
Unloading 7 Unused Serialized files (Serialized files now loaded: 0)
System memory in use before: 35.3 MB.
System memory in use after: 35.4 MB.

Unloading 7 unused Assets to reduce memory usage. Loaded Objects now: 1613.
Total: 2.373600 ms (FindLiveObjects: 0.200600 ms CreateObjectMapping: 0.062400 ms MarkObjects: 2.092700 ms  DeleteObjects: 0.016700 ms)

========================================================================
Received Prepare
Refreshing native plugins compatible for Editor in 2.75 ms, found 0 plugins.
Preloading 0 native plugins for Editor in 0.00 ms.
Unloading 7 Unused Serialized files (Serialized files now loaded: 0)
System memory in use before: 35.3 MB.
System memory in use after: 35.4 MB.

Unloading 7 unused Assets to reduce memory usage. Loaded Objects now: 1613.
Total: 2.478200 ms (FindLiveObjects: 0.279900 ms CreateObjectMapping: 0.077200 ms MarkObjects: 2.099100 ms  DeleteObjects: 0.019600 ms)

========================================================================
Received Import Request.
  Time since last request: 89.508120 seconds.
  path: Assets/Scripts/GPSPermission.cs
  artifactKey: Guid(43cb467101e324a43826ec2456726f3e) Importer(815301076,1909f56bfc062723c751e8b465ee728b)
Start importing Assets/Scripts/GPSPermission.cs using Guid(43cb467101e324a43826ec2456726f3e) Importer(815301076,1909f56bfc062723c751e8b465ee728b)  -> (artifact id: '6537056a533b07999c63b50d916a481c') in 0.034104 seconds
  Import took 0.037785 seconds .

========================================================================
Received Prepare
Registering precompiled user dll's ...
Registered in 0.001023 seconds.
Begin MonoManager ReloadAssembly
Native extension for WindowsStandalone target not found
Native extension for WebGL target not found
Refreshing native plugins compatible for Editor in 0.36 ms, found 0 plugins.
Preloading 0 native plugins for Editor in 0.00 ms.
Invoked RoslynAnalysisRunner static constructor.
RoslynAnalysisRunner will not be running.
RoslynAnalysisRunner has terminated.
Mono: successfully reloaded assembly
- Completed reload, in  1.344 seconds
Platform modules already initialized, skipping
Switching build target platform(5) subTarget(0) extendedPlatform(0) -> platform(13) subTarget(65536) extendedPlatform(0)
Refreshing native plugins compatible for Editor in 0.37 ms, found 0 plugins.
Preloading 0 native plugins for Editor in 0.00 ms.
Unloading 1123 Unused Serialized files (Serialized files now loaded: 0)
System memory in use before: 57.7 MB.
System memory in use after: 57.8 MB.

Unloading 9 unused Assets to reduce memory usage. Loaded Objects now: 1616.
Total: 2.183000 ms (FindLiveObjects: 0.218300 ms CreateObjectMapping: 0.055000 ms MarkObjects: 1.882200 ms  DeleteObjects: 0.025500 ms)

AssetImportParameters requested are different than current active one (requested -> active):
  custom:graphics/normal-map-encoding: 01000000000000000000000000000000 -> 02000000000000000000000000000000
========================================================================
Received Prepare
Refreshing native plugins compatible for Editor in 2.95 ms, found 0 plugins.
Preloading 0 native plugins for Editor in 0.00 ms.
Unloading 7 Unused Serialized files (Serialized files now loaded: 0)
System memory in use before: 35.3 MB.
System memory in use after: 35.4 MB.

Unloading 7 unused Assets to reduce memory usage. Loaded Objects now: 1616.
Total: 2.306800 ms (FindLiveObjects: 0.192100 ms CreateObjectMapping: 0.054200 ms MarkObjects: 2.042200 ms  DeleteObjects: 0.016500 ms)

AssetImportWorkerClient::OnTransportError - code=2 error=End of file
